[17Jul2026 23:26:36.220] [main/INFO] [cpw.mods.modlauncher.Launcher/MODLAUNCHER]: ModLauncher running: args [--launchTarget, forgedatadev, --assetIndex, 17, --assetsDir, C:\\Users\\Пользователь\\.gradle\\caches\\neoformruntime\\assets, --gameDir, ., --fml.fmlVersion, 4.0.43, --fml.mcVersion, 1.21.1, --fml.neoForgeVersion, 21.1.236, --fml.neoFormVersion, 20240808.144430, --mod, motleyfins, --all, --output, C:\\Users\\Пользователь\\Desktop\\motleyfins-master\\common\\src\\generated\\resources, --existing, C:\\Users\\Пользователь\\Desktop\\motleyfins-master\\common\\src\\main\\resources]
[17Jul2026 23:26:36.220] [main/INFO] [cpw.mods.modlauncher.Launcher/MODLAUNCHER]: JVM identified as Oracle Corporation OpenJDK 64-Bit Server VM 21.0.2+13-58
[17Jul2026 23:26:36.235] [main/INFO] [cpw.mods.modlauncher.Launcher/MODLAUNCHER]: ModLauncher 11.0.5+main.901c6ea8 starting: java version 21.0.2 by Oracle Corporation; OS Windows 10 arch amd64 version 10.0
[17Jul2026 23:26:36.585] [main/INFO] [net.neoforged.fml.loading.ImmediateWindowHandler/]: ImmediateWindowProvider not loading because launch target is forgedatadev
[17Jul2026 23:26:36.679] [main/INFO] [mixin/]: SpongePowered MIXIN Subsystem Version=0.8.7 Source=union:/C:/Users/Пользователь/.gradle/caches/modules-2/files-2.1/net.fabricmc/sponge-mixin/0.15.2+mixin.0.8.7/2af2f021d8e02a0220dc27a7a72b4666d66d44ca/sponge-mixin-0.15.2+mixin.0.8.7.jar%23138!/ Service=ModLauncher Env=CLIENT
[17Jul2026 23:26:38.029] [main/INFO] [net.neoforged.fml.loading.moddiscovery.locators.JarInJarDependencyLocator/]: Found 2 dependencies adding them to mods collection
[17Jul2026 23:26:38.029] [main/INFO] [net.neoforged.fml.loading.moddiscovery.ModDiscoverer/]: 
     Mod List:
		Name Version (Mod Id)

		Minecraft 1.21.1 (minecraft)
		Motley Fins 1.0.0 (motleyfins)
		NeoForge 21.1.236 (neoforge)
[17Jul2026 23:26:41.144] [main/INFO] [cpw.mods.modlauncher.LaunchServiceHandler/MODLAUNCHER]: Launching target 'forgedatadev' with arguments [--gameDir, ., --assetsDir, C:\Users\Пользователь\.gradle\caches\neoformruntime\assets, --assetIndex, 17, --mod, motleyfins, --all, --output, C:\\Users\\Пользователь\\Desktop\\motleyfins-master\\common\\src\\generated\\resources, --existing, C:\\Users\\Пользователь\\Desktop\\motleyfins-master\\common\\src\\main\\resources]
[17Jul2026 23:26:42.385] [main/INFO] [net.neoforged.neoforge.data.loading.DatagenModLoader/]: Initializing Data Gatherer for mods [motleyfins]
[17Jul2026 23:26:42.429] [main/INFO] [MixinExtras|Service/]: Initializing MixinExtras via com.llamalad7.mixinextras.service.MixinExtrasServiceImpl(version=0.5.3).
[17Jul2026 23:26:59.232] [modloading-worker-0/INFO] [net.neoforged.neoforge.common.NeoForgeMod/NEOFORGE-MOD]: NeoForge mod loading, version 21.1.236, for MC 1.21.1
[17Jul2026 23:27:00.823] [main/WARN] [net.minecraft.server.packs.VanillaPackResourcesBuilder/]: Assets URL 'union:/C:/Users/Пользователь/Desktop/motleyfins-master/neoforge/build/moddev/artifacts/neoforge-21.1.236.jar%23189!/assets/.mcassetsroot' uses unexpected schema
[17Jul2026 23:27:00.823] [main/WARN] [net.minecraft.server.packs.VanillaPackResourcesBuilder/]: Assets URL 'union:/C:/Users/Пользователь/Desktop/motleyfins-master/neoforge/build/moddev/artifacts/neoforge-21.1.236.jar%23189!/data/.mcassetsroot' uses unexpected schema
[17Jul2026 23:27:01.780] [main/INFO] [net.minecraft.data.DataGenerator/]: All providers took: 0 ms
[17Jul2026 23:27:01.780] [main/INFO] [net.minecraft.data.HashCache/]: Caching: total files: 0, old count: 0, new count: 1, removed stale: 0, written: 0
