[22:47:23] [main/INFO] (FabricLoader/GameProvider) Loading Minecraft 1.21.1 with Fabric Loader 0.19.3
[22:47:24] [main/INFO] (FabricLoader) Loading 55 mods:
	- fabric-api 0.116.13+1.21.1
	- fabric-api-base 0.4.42+6573ed8c19
	- fabric-api-lookup-api-v1 1.6.72+7b3d111d19
	- fabric-biome-api-v1 13.0.31+d527f9fd19
	- fabric-block-api-v1 1.1.0+0bc3503219
	- fabric-block-view-api-v2 1.0.11+ebb2264e19
	- fabric-blockrenderlayer-v1 1.1.52+0af3f5a719
	- fabric-client-tags-api-v1 1.1.15+6573ed8c19
	- fabric-command-api-v1 1.2.49+f71b366f19
	- fabric-command-api-v2 2.2.28+6ced4dd919
	- fabric-commands-v0 0.2.66+df3654b319
	- fabric-content-registries-v0 8.0.19+b559734419
	- fabric-convention-tags-v1 2.1.7+7f945d5b19
	- fabric-convention-tags-v2 2.12.0+c3656daa19
	- fabric-crash-report-info-v1 0.2.29+0af3f5a719
	- fabric-data-attachment-api-v1 1.4.7+5b36e0f719
	- fabric-data-generation-api-v1 20.2.38+60a6976219
	- fabric-dimensions-v1 4.0.1+65213ef819
	- fabric-entity-events-v1 1.8.0+2b27e0a419
	- fabric-events-interaction-v0 0.7.14+ba9dae0619
	- fabric-game-rule-api-v1 1.0.53+6ced4dd919
	- fabric-gametest-api-v1 2.0.5+6fc22b9919
	- fabric-item-api-v1 11.2.0+3b3cb2e819
	- fabric-item-group-api-v1 4.1.7+def88e3a19
	- fabric-key-binding-api-v1 1.0.47+0af3f5a719
	- fabric-keybindings-v0 0.2.45+df3654b319
	- fabric-lifecycle-events-v1 2.6.0+0865547519
	- fabric-loot-api-v2 3.0.15+3f89f5a519
	- fabric-loot-api-v3 1.0.3+3f89f5a519
	- fabric-message-api-v1 6.0.14+8aaf3aca19
	- fabric-model-loading-api-v1 2.1.0+b4d813fc19
	- fabric-networking-api-v1 4.3.1+d30f6a7919
	- fabric-object-builder-api-v1 15.2.1+40875a9319
	- fabric-particles-v1 4.0.2+6573ed8c19
	- fabric-recipe-api-v1 5.0.16+2475392c19
	- fabric-registry-sync-v0 5.3.2+e3eddc2119
	- fabric-renderer-api-v1 3.4.1+b4d813fc19
	- fabric-renderer-indigo 1.7.1+c705a49c19
	- fabric-renderer-registries-v1 3.2.69+df3654b319
	- fabric-rendering-data-attachment-v1 0.3.49+73761d2e19
	- fabric-rendering-fluids-v1 3.1.6+1daea21519
	- fabric-rendering-v0 1.1.72+df3654b319
	- fabric-rendering-v1 5.1.0+ab4c25a019
	- fabric-resource-conditions-api-v1 4.3.0+8dc279b119
	- fabric-resource-loader-v0 1.3.1+5b5275af19
	- fabric-screen-api-v1 2.0.26+639b4c0719
	- fabric-screen-handler-api-v1 1.3.91+b559734419
	- fabric-sound-api-v1 1.0.23+6573ed8c19
	- fabric-transfer-api-v1 5.4.4+7b3d111d19
	- fabric-transitive-access-wideners-v1 6.2.0+45b9699719
	- fabricloader 0.19.3
	- java 21
	- minecraft 1.21.1
	- mixinextras 0.5.4
	- motleyfins 1.0.0
[22:47:24] [main/INFO] (FabricLoader/Mixin) SpongePowered MIXIN Subsystem Version=0.8.7 Source=file:/C:/Users/%d0%9f%d0%be%d0%bb%d1%8c%d0%b7%d0%be%d0%b2%d0%b0%d1%82%d0%b5%d0%bb%d1%8c/.gradle/caches/modules-2/files-2.1/net.fabricmc/sponge-mixin/0.17.3+mixin.0.8.7/41c4a3984a80f4679e759fb9f495587acc5cdac7/sponge-mixin-0.17.3+mixin.0.8.7.jar Service=Knot/Fabric Env=CLIENT
[22:47:25] [main/INFO] (FabricLoader/Mixin) Loaded Fabric development mappings for mixin remapper!
[22:47:25] [main/INFO] (FabricLoader/Mixin) Compatibility level set to JAVA_17
[22:47:25] [main/INFO] (FabricLoader/Mixin) Compatibility level set to JAVA_21
[22:47:25] [main/WARN] (FabricLoader/Mixin) Reference map 'motleyfins.refmap.json' for motleyfins.mixins.json could not be read. If this is a development environment you can ignore this message
[22:47:25] [main/WARN] (FabricLoader/Mixin) Reference map 'motleyfins.refmap.json' for motleyfins.fabric.mixins.json could not be read. If this is a development environment you can ignore this message
[22:47:31] [main/INFO] (FabricLoader/MixinExtras|Service) Initializing MixinExtras via com.llamalad7.mixinextras.service.MixinExtrasServiceImpl(version=0.5.4).
[22:47:34] [Datafixer Bootstrap/INFO] (Minecraft) 226 Datafixer optimizations took 1169 milliseconds
[22:47:34] [main/WARN] (PerfDataUtil) Failed to add PDH Counter: \Paging File(_Total)\% Usage, Error code: 0xC0000BB8
[22:47:34] [main/WARN] (PerfCounterQueryHandler) Failed to add counter for PDH counter: \Paging File(_Total)\% Usage
[22:47:34] [main/WARN] (PerfCounterQuery) Disabling further attempts to query Paging File.
[22:47:37] [main/WARN] (WmiQueryHandler) COM exception: Invalid Query: SELECT PERCENTUSAGE FROM Win32_PerfRawData_PerfOS_PagingFile
[22:47:45] [main/WARN] (FabricLoader/Mixin) @Final field COMMON_VARIANTS:Ljava/util/List; in motleyfins.mixins.json:TropicalFishMixin from mod motleyfins should be final
[22:47:50] [Render thread/INFO] (Minecraft) Environment: Environment[sessionHost=https://sessionserver.mojang.com, servicesHost=https://api.minecraftservices.com, name=PROD]
[22:47:50] [Render thread/INFO] (Minecraft) Setting user: Player754
[22:47:50] [Render thread/ERROR] (Minecraft) No data fixer registered for parrotfish
[22:47:51] [Render thread/INFO] (Indigo) [Indigo] Registering Indigo renderer!
[22:47:52] [Render thread/INFO] (Minecraft) Backend library: LWJGL version 3.3.3-snapshot
[22:47:55] [Render thread/INFO] (Minecraft) Reloading ResourceManager: vanilla, fabric, fabric-api, fabric-api-base, fabric-api-lookup-api-v1, fabric-biome-api-v1, fabric-block-api-v1, fabric-block-view-api-v2, fabric-blockrenderlayer-v1, fabric-client-tags-api-v1, fabric-command-api-v1, fabric-command-api-v2, fabric-commands-v0, fabric-content-registries-v0, fabric-convention-tags-v1, fabric-convention-tags-v2, fabric-crash-report-info-v1, fabric-data-attachment-api-v1, fabric-data-generation-api-v1, fabric-dimensions-v1, fabric-entity-events-v1, fabric-events-interaction-v0, fabric-game-rule-api-v1, fabric-gametest-api-v1, fabric-item-api-v1, fabric-item-group-api-v1, fabric-key-binding-api-v1, fabric-keybindings-v0, fabric-lifecycle-events-v1, fabric-loot-api-v2, fabric-loot-api-v3, fabric-message-api-v1, fabric-model-loading-api-v1, fabric-networking-api-v1, fabric-object-builder-api-v1, fabric-particles-v1, fabric-recipe-api-v1, fabric-registry-sync-v0, fabric-renderer-api-v1, fabric-renderer-indigo, fabric-renderer-registries-v1, fabric-rendering-data-attachment-v1, fabric-rendering-fluids-v1, fabric-rendering-v0, fabric-rendering-v1, fabric-resource-conditions-api-v1, fabric-resource-loader-v0, fabric-screen-api-v1, fabric-screen-handler-api-v1, fabric-sound-api-v1, fabric-transfer-api-v1, fabric-transitive-access-wideners-v1, fabricloader, motleyfins
[22:47:56] [Worker-Main-1/INFO] (Minecraft) Found unifont_all_no_pua-15.1.05.hex, loading
[22:47:57] [Worker-Main-1/INFO] (Minecraft) Found unifont_jp_patch-15.1.05.hex, loading
[22:48:04] [Worker-Main-2/WARN] (Minecraft) Missing textures in model motleyfins:parrotfish_spawn_egg#inventory:
    minecraft:textures/atlas/blocks.png:motleyfins:item/parrotfish_spawn_egg
[22:48:04] [Render thread/WARN] (Minecraft) Missing sound for event: minecraft:item.goat_horn.play
[22:48:04] [Render thread/WARN] (Minecraft) Missing sound for event: minecraft:entity.goat.screaming.horn_break
[22:48:04] [Render thread/INFO] (Minecraft) OpenAL initialized on device OpenAL Soft on Наушники (RDM-178)
[22:48:04] [Render thread/INFO] (Minecraft) Sound engine started
[22:48:05] [Render thread/INFO] (Minecraft) Created: 1024x512x4 minecraft:textures/atlas/blocks.png-atlas
[22:48:05] [Render thread/INFO] (Minecraft) Created: 256x256x4 minecraft:textures/atlas/signs.png-atlas
[22:48:05] [Render thread/INFO] (Minecraft) Created: 512x512x4 minecraft:textures/atlas/shield_patterns.png-atlas
[22:48:05] [Render thread/INFO] (Minecraft) Created: 512x512x4 minecraft:textures/atlas/banner_patterns.png-atlas
[22:48:05] [Render thread/INFO] (Minecraft) Created: 1024x1024x4 minecraft:textures/atlas/armor_trims.png-atlas
[22:48:05] [Render thread/INFO] (Minecraft) Created: 128x64x4 minecraft:textures/atlas/decorated_pot.png-atlas
[22:48:05] [Render thread/INFO] (Minecraft) Created: 256x256x4 minecraft:textures/atlas/chest.png-atlas
[22:48:05] [Render thread/INFO] (Minecraft) Created: 512x256x4 minecraft:textures/atlas/beds.png-atlas
[22:48:05] [Render thread/INFO] (Minecraft) Created: 512x256x4 minecraft:textures/atlas/shulker_boxes.png-atlas
[22:48:06] [Render thread/INFO] (Minecraft) Created: 512x256x0 minecraft:textures/atlas/particles.png-atlas
[22:48:06] [Render thread/INFO] (Minecraft) Created: 512x256x0 minecraft:textures/atlas/paintings.png-atlas
[22:48:06] [Render thread/INFO] (Minecraft) Created: 256x128x0 minecraft:textures/atlas/mob_effects.png-atlas
[22:48:06] [Render thread/INFO] (Minecraft) Created: 64x64x0 minecraft:textures/atlas/map_decorations.png-atlas
[22:48:06] [Render thread/INFO] (Minecraft) Created: 1024x512x0 minecraft:textures/atlas/gui.png-atlas
[22:48:06] [Render thread/WARN] (Minecraft) Shader rendertype_entity_translucent_emissive could not find sampler named Sampler2 in the specified shader program.
[22:48:33] [Render thread/INFO] (Minecraft) Loaded 1308 recipes
[22:48:34] [Render thread/INFO] (Minecraft) Loaded 1417 advancements
[22:48:36] [Render thread/INFO] (BiomeModificationImpl) Applied 1 biome modifications to 1 of 64 new biomes in 10.10 ms
[22:48:36] [Server thread/INFO] (Minecraft) Starting integrated minecraft server version 1.21.1
[22:48:36] [Server thread/INFO] (Minecraft) Generating keypair
[22:48:42] [Server thread/INFO] (Minecraft) Preparing start region for dimension minecraft:overworld
[22:48:43] [Render thread/INFO] (Minecraft) Preparing spawn area: 0%
[22:48:43] [Render thread/INFO] (Minecraft) Preparing spawn area: 0%
[22:48:44] [Render thread/INFO] (Minecraft) Time elapsed: 1158 ms
[22:48:44] [Server thread/WARN] (TranslationConventionLogWarnings) 
	Dev warning - Untranslated Item Tags detected. Please translate your item tags so other mods such as recipe viewers can properly display your tag's name.
	The format desired is tag.item.<namespace>.<path> for the translation key with slashes in path turned into periods.
	To disable this message, set this system property in your runs: `-Dfabric-tag-conventions-v2.missingTagTranslationWarning=SILENCED`.
	To see individual untranslated item tags found, set the system property to `-Dfabric-tag-conventions-v2.missingTagTranslationWarning=VERBOSE`.
	Default is `SHORT`.

[22:48:44] [Server thread/INFO] (Minecraft) Changing view distance to 3, from 10
[22:48:44] [Server thread/INFO] (Minecraft) Changing simulation distance to 5, from 0
[22:48:46] [Server thread/INFO] (Minecraft) Player754[local:E:35bb5f05] logged in with entity id 57 at (2995.99266635113, 61.536920344029426, -1414.9302350182231)
[22:48:46] [Server thread/INFO] (Minecraft) Player754 joined the game
[22:48:47] [Render thread/INFO] (Minecraft) Loaded 4 advancements
[22:48:47] [Render thread/INFO] (Minecraft) Loaded 13 advancements
[22:48:47] [Server thread/WARN] (Minecraft) Skipping Entity with id minecraft:parrotfish
[22:48:47] [Server thread/WARN] (Minecraft) Skipping Entity with id minecraft:parrotfish
[22:49:53] [Server thread/INFO] (Minecraft) Saving and pausing game...
[22:49:53] [Server thread/INFO] (Minecraft) Saving chunks for level 'ServerLevel[New World]'/minecraft:overworld
[22:49:53] [Server thread/INFO] (Minecraft) Saving chunks for level 'ServerLevel[New World]'/minecraft:the_nether
[22:49:53] [Server thread/INFO] (Minecraft) Saving chunks for level 'ServerLevel[New World]'/minecraft:the_end
[22:51:56] [Render thread/INFO] (Minecraft) [System] [CHAT] [Debug]: Hitboxes: shown
[22:52:36] [Render thread/INFO] (Minecraft) [System] [CHAT] [Debug]: Hitboxes: hidden
[22:52:50] [Server thread/INFO] (Minecraft) [Player754: Killed 157 entities]
[22:52:50] [Render thread/INFO] (Minecraft) [System] [CHAT] Killed 157 entities
[22:52:51] [Server thread/INFO] (Minecraft) [Player754: Killed 132 entities]
[22:52:51] [Render thread/INFO] (Minecraft) [System] [CHAT] Killed 132 entities
[22:52:55] [Render thread/WARN] (Minecraft) Unable to play empty soundEvent: minecraft:entity.tropical_fish.ambient
[22:52:55] [Render thread/WARN] (Minecraft) Unable to play empty soundEvent: minecraft:entity.puffer_fish.ambient
[22:52:59] [Server thread/WARN] (Minecraft) Skipping Entity with id minecraft:parrotfish
[22:52:59] [Server thread/WARN] (Minecraft) Skipping Entity with id minecraft:parrotfish
[22:52:59] [Server thread/WARN] (Minecraft) Skipping Entity with id minecraft:parrotfish
[22:52:59] [Server thread/WARN] (Minecraft) Skipping Entity with id minecraft:parrotfish
[22:53:08] [Server thread/WARN] (Minecraft) Skipping Entity with id minecraft:parrotfish
[22:53:08] [Server thread/WARN] (Minecraft) Skipping Entity with id minecraft:parrotfish
[22:53:08] [Server thread/WARN] (Minecraft) Skipping Entity with id minecraft:parrotfish
[22:53:08] [Server thread/WARN] (Minecraft) Skipping Entity with id minecraft:parrotfish
[22:53:08] [Server thread/WARN] (Minecraft) Skipping Entity with id minecraft:parrotfish
[22:53:11] [Server thread/WARN] (Minecraft) Skipping Entity with id minecraft:parrotfish
[22:53:11] [Server thread/WARN] (Minecraft) Skipping Entity with id minecraft:parrotfish
[22:53:11] [Server thread/WARN] (Minecraft) Skipping Entity with id minecraft:parrotfish
[22:53:12] [Server thread/WARN] (Minecraft) Skipping Entity with id minecraft:parrotfish
[22:53:12] [Server thread/WARN] (Minecraft) Skipping Entity with id minecraft:parrotfish
[22:53:12] [Server thread/WARN] (Minecraft) Skipping Entity with id minecraft:parrotfish
[22:53:12] [Server thread/WARN] (Minecraft) Skipping Entity with id minecraft:parrotfish
[22:53:27] [Server thread/INFO] (Minecraft) [Player754: Killed 3 entities]
[22:53:27] [Render thread/INFO] (Minecraft) [System] [CHAT] Killed 3 entities
[22:53:30] [Server thread/INFO] (Minecraft) [Player754: Killed 173 entities]
[22:53:30] [Render thread/INFO] (Minecraft) [System] [CHAT] Killed 173 entities
[22:53:31] [Server thread/INFO] (Minecraft) [Player754: Killed 150 entities]
[22:53:31] [Render thread/INFO] (Minecraft) [System] [CHAT] Killed 150 entities
[22:53:37] [Server thread/INFO] (Minecraft) [Player754: Killed 52 entities]
[22:53:37] [Render thread/INFO] (Minecraft) [System] [CHAT] Killed 52 entities
[22:53:48] [Server thread/WARN] (Minecraft) Skipping Entity with id minecraft:parrotfish
[22:54:16] [Server thread/WARN] (Minecraft) Skipping Entity with id minecraft:parrotfish
[22:54:16] [Server thread/WARN] (Minecraft) Skipping Entity with id minecraft:parrotfish
[22:54:27] [Server thread/INFO] (Minecraft) Saving and pausing game...
[22:54:27] [Server thread/INFO] (Minecraft) Saving chunks for level 'ServerLevel[New World]'/minecraft:overworld
[22:54:27] [Server thread/INFO] (Minecraft) Saving chunks for level 'ServerLevel[New World]'/minecraft:the_nether
[22:54:27] [Server thread/INFO] (Minecraft) Saving chunks for level 'ServerLevel[New World]'/minecraft:the_end
[22:55:23] [Render thread/INFO] (Minecraft) [System] [CHAT] [Debug]: Hitboxes: shown
[22:55:26] [Render thread/INFO] (Minecraft) [System] [CHAT] Saved screenshot as 2026-07-17_22.55.25.png
[22:55:26] [Server thread/INFO] (Minecraft) Saving and pausing game...
[22:55:26] [Server thread/INFO] (Minecraft) Saving chunks for level 'ServerLevel[New World]'/minecraft:overworld
[22:55:27] [Server thread/INFO] (Minecraft) Saving chunks for level 'ServerLevel[New World]'/minecraft:the_nether
[22:55:27] [Server thread/INFO] (Minecraft) Saving chunks for level 'ServerLevel[New World]'/minecraft:the_end
[22:55:29] [Server thread/INFO] (Minecraft) Saving and pausing game...
[22:55:29] [Server thread/INFO] (Minecraft) Saving chunks for level 'ServerLevel[New World]'/minecraft:overworld
[22:55:29] [Server thread/INFO] (Minecraft) Saving chunks for level 'ServerLevel[New World]'/minecraft:the_nether
[22:55:29] [Server thread/INFO] (Minecraft) Saving chunks for level 'ServerLevel[New World]'/minecraft:the_end
